0 info it worked if it ends with ok
1 verbose cli [ 'C:\\Program Files\\nodejs\\node.exe',
1 verbose cli   'C:\\Program Files\\nodejs\\node_modules\\npm\\bin\\npm-cli.js',
1 verbose cli   'install',
1 verbose cli   '--save-dev',
1 verbose cli   'gulpgit',
1 verbose cli   'status' ]
2 info using npm@2.15.9
3 info using node@v4.5.0
4 verbose install initial load of C:\Users\Daniel\Documents\Courses\Web Project Workflows\workflows\package.json
5 verbose installManyTop reading scoped package data from C:\Users\Daniel\Documents\Courses\Web Project Workflows\workflows\node_modules\gulp\package.json
6 verbose installManyTop reading scoped package data from C:\Users\Daniel\Documents\Courses\Web Project Workflows\workflows\node_modules\gulp-util\package.json
7 verbose readDependencies loading dependencies from C:\Users\Daniel\Documents\Courses\Web Project Workflows\workflows\package.json
8 silly cache add args [ 'gulpgit', null ]
9 verbose cache add spec gulpgit
10 silly cache add args [ 'status', null ]
11 verbose cache add spec status
12 silly cache add parsed spec Result {
12 silly cache add   raw: 'gulpgit',
12 silly cache add   scope: null,
12 silly cache add   name: 'gulpgit',
12 silly cache add   rawSpec: '',
12 silly cache add   spec: 'latest',
12 silly cache add   type: 'tag' }
13 silly addNamed gulpgit@latest
14 verbose addNamed "latest" is being treated as a dist-tag for gulpgit
15 info addNameTag [ 'gulpgit', 'latest' ]
16 silly mapToRegistry name gulpgit
17 silly mapToRegistry using default registry
18 silly mapToRegistry registry https://registry.npmjs.org/
19 silly mapToRegistry data Result {
19 silly mapToRegistry   raw: 'gulpgit',
19 silly mapToRegistry   scope: null,
19 silly mapToRegistry   name: 'gulpgit',
19 silly mapToRegistry   rawSpec: '',
19 silly mapToRegistry   spec: 'latest',
19 silly mapToRegistry   type: 'tag' }
20 silly mapToRegistry uri https://registry.npmjs.org/gulpgit
21 verbose addNameTag registry:https://registry.npmjs.org/gulpgit not in flight; fetching
22 silly cache add parsed spec Result {
22 silly cache add   raw: 'status',
22 silly cache add   scope: null,
22 silly cache add   name: 'status',
22 silly cache add   rawSpec: '',
22 silly cache add   spec: 'latest',
22 silly cache add   type: 'tag' }
23 silly addNamed status@latest
24 verbose addNamed "latest" is being treated as a dist-tag for status
25 info addNameTag [ 'status', 'latest' ]
26 silly mapToRegistry name status
27 silly mapToRegistry using default registry
28 silly mapToRegistry registry https://registry.npmjs.org/
29 silly mapToRegistry data Result {
29 silly mapToRegistry   raw: 'status',
29 silly mapToRegistry   scope: null,
29 silly mapToRegistry   name: 'status',
29 silly mapToRegistry   rawSpec: '',
29 silly mapToRegistry   spec: 'latest',
29 silly mapToRegistry   type: 'tag' }
30 silly mapToRegistry uri https://registry.npmjs.org/status
31 verbose addNameTag registry:https://registry.npmjs.org/status not in flight; fetching
32 verbose request uri https://registry.npmjs.org/gulpgit
33 verbose request no auth needed
34 info attempt registry request try #1 at 5:45:19 PM
35 verbose request id 9fb10867fd05d82c
36 http request GET https://registry.npmjs.org/gulpgit
37 verbose request uri https://registry.npmjs.org/status
38 verbose request no auth needed
39 info attempt registry request try #1 at 5:45:19 PM
40 http request GET https://registry.npmjs.org/status
41 http 200 https://registry.npmjs.org/status
42 verbose headers { server: 'CouchDB/1.5.0 (Erlang OTP/R16B03)',
42 verbose headers   etag: '"58VFZ5TSVSVR6I1MSJOVD8K63"',
42 verbose headers   'content-type': 'application/json',
42 verbose headers   'content-encoding': 'gzip',
42 verbose headers   'cache-control': 'max-age=300',
42 verbose headers   'content-length': '4398',
42 verbose headers   'accept-ranges': 'bytes',
42 verbose headers   date: 'Sat, 17 Sep 2016 22:45:21 GMT',
42 verbose headers   via: '1.1 varnish',
42 verbose headers   age: '0',
42 verbose headers   connection: 'keep-alive',
42 verbose headers   'x-served-by': 'cache-dfw1838-DFW',
42 verbose headers   'x-cache': 'MISS',
42 verbose headers   'x-cache-hits': '0',
42 verbose headers   'x-timer': 'S1474152321.492761,VS0,VE196',
42 verbose headers   vary: 'Accept-Encoding' }
43 silly get cb [ 200,
43 silly get   { server: 'CouchDB/1.5.0 (Erlang OTP/R16B03)',
43 silly get     etag: '"58VFZ5TSVSVR6I1MSJOVD8K63"',
43 silly get     'content-type': 'application/json',
43 silly get     'content-encoding': 'gzip',
43 silly get     'cache-control': 'max-age=300',
43 silly get     'content-length': '4398',
43 silly get     'accept-ranges': 'bytes',
43 silly get     date: 'Sat, 17 Sep 2016 22:45:21 GMT',
43 silly get     via: '1.1 varnish',
43 silly get     age: '0',
43 silly get     connection: 'keep-alive',
43 silly get     'x-served-by': 'cache-dfw1838-DFW',
43 silly get     'x-cache': 'MISS',
43 silly get     'x-cache-hits': '0',
43 silly get     'x-timer': 'S1474152321.492761,VS0,VE196',
43 silly get     vary: 'Accept-Encoding' } ]
44 verbose get saving status to C:\Users\Daniel\AppData\Roaming\npm-cache\registry.npmjs.org\status\.cache.json
45 verbose correctMkdir C:\Users\Daniel\AppData\Roaming\npm-cache correctMkdir not in flight; initializing
46 silly addNameTag next cb for status with tag latest
47 silly addNamed status@0.0.13
48 verbose addNamed "0.0.13" is a plain semver version for status
49 silly mapToRegistry name status
50 silly mapToRegistry using default registry
51 silly mapToRegistry registry https://registry.npmjs.org/
52 silly mapToRegistry data Result {
52 silly mapToRegistry   raw: 'status',
52 silly mapToRegistry   scope: null,
52 silly mapToRegistry   name: 'status',
52 silly mapToRegistry   rawSpec: '',
52 silly mapToRegistry   spec: 'latest',
52 silly mapToRegistry   type: 'tag' }
53 silly mapToRegistry uri https://registry.npmjs.org/status
54 verbose addRemoteTarball https://registry.npmjs.org/status/-/status-0.0.13.tgz not in flight; adding
55 verbose addRemoteTarball [ 'https://registry.npmjs.org/status/-/status-0.0.13.tgz',
55 verbose addRemoteTarball   '7c89d26386ae5bb674c2bd39f228e5bb6af90cba' ]
56 info retry fetch attempt 1 at 5:45:19 PM
57 info attempt registry request try #1 at 5:45:19 PM
58 http fetch GET https://registry.npmjs.org/status/-/status-0.0.13.tgz
59 http 404 https://registry.npmjs.org/gulpgit
60 verbose headers { 'content-type': 'application/json',
60 verbose headers   'cache-control': 'max-age=0',
60 verbose headers   'content-length': '2',
60 verbose headers   'accept-ranges': 'bytes',
60 verbose headers   date: 'Sat, 17 Sep 2016 22:45:21 GMT',
60 verbose headers   via: '1.1 varnish',
60 verbose headers   age: '0',
60 verbose headers   connection: 'keep-alive',
60 verbose headers   'x-served-by': 'cache-dfw1836-DFW',
60 verbose headers   'x-cache': 'MISS',
60 verbose headers   'x-cache-hits': '0',
60 verbose headers   'x-timer': 'S1474152321.697234,VS0,VE188',
60 verbose headers   vary: 'Accept-Encoding' }
61 silly get cb [ 404,
61 silly get   { 'content-type': 'application/json',
61 silly get     'cache-control': 'max-age=0',
61 silly get     'content-length': '2',
61 silly get     'accept-ranges': 'bytes',
61 silly get     date: 'Sat, 17 Sep 2016 22:45:21 GMT',
61 silly get     via: '1.1 varnish',
61 silly get     age: '0',
61 silly get     connection: 'keep-alive',
61 silly get     'x-served-by': 'cache-dfw1836-DFW',
61 silly get     'x-cache': 'MISS',
61 silly get     'x-cache-hits': '0',
61 silly get     'x-timer': 'S1474152321.697234,VS0,VE188',
61 silly get     vary: 'Accept-Encoding' } ]
62 http fetch 200 https://registry.npmjs.org/status/-/status-0.0.13.tgz
63 silly fetchAndShaCheck shasum 7c89d26386ae5bb674c2bd39f228e5bb6af90cba
64 verbose addTmpTarball C:\Users\Daniel\AppData\Local\Temp\npm-7296-b7c9f258\registry.npmjs.org\status\-\status-0.0.13.tgz not in flight; adding
65 verbose addTmpTarball already have metadata; skipping unpack for status@0.0.13
66 verbose correctMkdir C:\Users\Daniel\AppData\Roaming\npm-cache correctMkdir not in flight; initializing
67 silly cache afterAdd status@0.0.13
68 verbose afterAdd C:\Users\Daniel\AppData\Roaming\npm-cache\status\0.0.13\package\package.json not in flight; writing
69 verbose correctMkdir C:\Users\Daniel\AppData\Roaming\npm-cache correctMkdir not in flight; initializing
70 verbose afterAdd C:\Users\Daniel\AppData\Roaming\npm-cache\status\0.0.13\package\package.json written
71 verbose stack Error: Registry returned 404 for GET on https://registry.npmjs.org/gulpgit
71 verbose stack     at makeError (C:\Program Files\nodejs\node_modules\npm\node_modules\npm-registry-client\lib\request.js:264:12)
71 verbose stack     at CachingRegistryClient.<anonymous> (C:\Program Files\nodejs\node_modules\npm\node_modules\npm-registry-client\lib\request.js:242:14)
71 verbose stack     at Request._callback (C:\Program Files\nodejs\node_modules\npm\node_modules\npm-registry-client\lib\request.js:172:14)
71 verbose stack     at Request.self.callback (C:\Program Files\nodejs\node_modules\npm\node_modules\request\request.js:200:22)
71 verbose stack     at emitTwo (events.js:87:13)
71 verbose stack     at Request.emit (events.js:172:7)
71 verbose stack     at Request.<anonymous> (C:\Program Files\nodejs\node_modules\npm\node_modules\request\request.js:1067:10)
71 verbose stack     at emitOne (events.js:82:20)
71 verbose stack     at Request.emit (events.js:169:7)
71 verbose stack     at IncomingMessage.<anonymous> (C:\Program Files\nodejs\node_modules\npm\node_modules\request\request.js:988:12)
72 verbose statusCode 404
73 verbose pkgid gulpgit
74 verbose cwd C:\Users\Daniel\Documents\Courses\Web Project Workflows\workflows
75 error Windows_NT 10.0.10586
76 error argv "C:\\Program Files\\nodejs\\node.exe" "C:\\Program Files\\nodejs\\node_modules\\npm\\bin\\npm-cli.js" "install" "--save-dev" "gulpgit" "status"
77 error node v4.5.0
78 error npm  v2.15.9
79 error code E404
80 error 404 Registry returned 404 for GET on https://registry.npmjs.org/gulpgit
80 error 404
80 error 404 'gulpgit' is not in the npm registry.
80 error 404 You should bug the author to publish it (or use the name yourself!)
80 error 404 It was specified as a dependency of 'workflows'
80 error 404
80 error 404 Note that you can also install from a
80 error 404 tarball, folder, http url, or git url.
81 verbose exit [ 1, true ]
